<?xml version="1.0" encoding="UTF-8"?>
<!-- Generated by org.testng.reporters.JUnitReportReporter -->
<testsuite hostname="DESKTOP-TNINED8" failures="0" tests="1" name="goldenindia.CustomerPanelNewFramework.TestCases.OrderingItemsSuccessfully" time="57.442" errors="0" timestamp="2024-02-05T16:32:33 IST" skipped="0">
  <testcase classname="goldenindia.CustomerPanelNewFramework.TestCases.OrderingItemsSuccessfully" name="placing_the_order_by_adding_only_one_product" time="57.442"/>
</testsuite> <!-- goldenindia.CustomerPanelNewFramework.TestCases.OrderingItemsSuccessfully -->
