<?xml version="1.0" encoding="UTF-8"?>
<!-- Generated by org.testng.reporters.JUnitReportReporter -->
<testsuite hostname="DESKTOP-TNINED8" failures="0" tests="1" name="goldenindia.CustomerPanelNewFramework.TestCases.AddingProductsToCart" time="0.024" errors="0" timestamp="2024-01-13T19:36:33 IST" skipped="0">
  <testcase classname="goldenindia.CustomerPanelNewFramework.TestCases.AddingProductsToCart" name="placing_the_order_by_adding_one_product" time="0.024"/>
</testsuite> <!-- goldenindia.CustomerPanelNewFramework.TestCases.AddingProductsToCart -->
