<?xml version="1.0" encoding="UTF-8"?>
<!-- Generated by org.testng.reporters.JUnitReportReporter -->
<testsuite hostname="DESKTOP-TNINED8" failures="0" tests="1" name="goldenindia.CustomerPanelNewFramework.TestCases.OrderingItemsSuccessfullyWithDelivery" time="42.008" errors="0" timestamp="2024-02-01T19:15:28 IST" skipped="0">
  <testcase classname="goldenindia.CustomerPanelNewFramework.TestCases.OrderingItemsSuccessfullyWithDelivery" name="placing_the_order_by_adding_only_one_product" time="42.008"/>
</testsuite> <!-- goldenindia.CustomerPanelNewFramework.TestCases.OrderingItemsSuccessfullyWithDelivery -->
