<?xml version="1.0" encoding="UTF-8"?>
<!-- Generated by org.testng.reporters.JUnitReportReporter -->
<testsuite hostname="DESKTOP-TNINED8" failures="0" tests="1" name="goldenindia.CustomerPanelNewFramework.TestCases.OrderingItemsSuccessfully" time="17.069" errors="0" timestamp="2024-01-26T20:53:18 IST" skipped="0">
  <testcase classname="goldenindia.CustomerPanelNewFramework.TestCases.OrderingItemsSuccessfully" name="placing_the_order_by_adding_only_one_product" time="17.069"/>
</testsuite> <!-- goldenindia.CustomerPanelNewFramework.TestCases.OrderingItemsSuccessfully -->
