<?xml version="1.0" encoding="UTF-8"?>
<!-- Generated by org.testng.reporters.JUnitReportReporter -->
<testsuite hostname="DESKTOP-TNINED8" failures="0" tests="1" name="goldenindia.CustomerPanelNewFramework.TestCases.OrderingItemsSuccessfully" time="40.866" errors="0" timestamp="2024-02-09T18:06:06 IST" skipped="0">
  <testcase classname="goldenindia.CustomerPanelNewFramework.TestCases.OrderingItemsSuccessfully" name="placing_the_order_by_adding_only_one_product" time="40.866"/>
</testsuite> <!-- goldenindia.CustomerPanelNewFramework.TestCases.OrderingItemsSuccessfully -->
